#
# A fatal error has been detected by the Java Runtime Environment:
#
#  Internal Error (javaClasses.cpp:136), pid=5860, tid=6056
#  fatal error: Invalid layout of preloaded class
#
# JRE version:  (7.0_51-b13) (build )
# Java VM: Java HotSpot(TM) Client VM (24.51-b03 mixed mode windows-x86 )
# Failed to write core dump. Minidumps are not enabled by default on client versions of Windows
#
# If you would like to submit a bug report, please visit:
#   http://bugreport.sun.com/bugreport/crash.jsp
#

---------------  T H R E A D  ---------------

Current thread (0x018ec400):  JavaThread "Unknown thread" [_thread_in_vm, id=6056, stack(0x004a0000,0x004f0000)]

Stack: [0x004a0000,0x004f0000],  sp=0x004ef40c,  free space=317k
Native frames: (J=compiled Java code, j=interpreted, Vv=VM code, C=native code)
V  [jvm.dll+0x18e0f1]
V  [jvm.dll+0x187e66]
V  [jvm.dll+0x3586a]
V  [jvm.dll+0x358f6]
V  [jvm.dll+0x4400d]
V  [jvm.dll+0x442be]
V  [jvm.dll+0x9263a]
V  [jvm.dll+0x929eb]
V  [jvm.dll+0x13dc51]
V  [jvm.dll+0x16076c]
V  [jvm.dll+0xc8ebf]
C  [javaw.exe+0x13ce]
C  [javaw.exe+0x1e40]
C  [javaw.exe+0xa5b1]
C  [javaw.exe+0xa63b]
C  [kernel32.dll+0x4ed5c]
C  [ntdll.dll+0x637eb]
C  [ntdll.dll+0x637be]


---------------  P R O C E S S  ---------------

Java Threads: ( => current thread )

Other Threads:

=>0x018ec400 (exited) JavaThread "Unknown thread" [_thread_in_vm, id=6056, stack(0x004a0000,0x004f0000)]

VM state:not at safepoint (not fully initialized)

VM Mutex/Monitor currently owned by a thread: None

GC Heap History (0 events):
No events

Deoptimization events (0 events):
No events

Internal exceptions (0 events):
No events

Events (10 events):
Event: 0.051 loading class 0x00a1be28 done
Event: 0.051 loading class 0x00a1b8b8 done
Event: 0.051 loading class 0x00a1b898
Event: 0.051 loading class 0x00a22bc0
Event: 0.051 loading class 0x00a22bc0 done
Event: 0.051 loading class 0x00a22bf0
Event: 0.051 loading class 0x00a22bf0 done
Event: 0.051 loading class 0x00a22c20
Event: 0.051 loading class 0x00a22c20 done
Event: 0.051 loading class 0x00a1b898 done


Dynamic libraries:
0x00b10000 - 0x00b3f000 	C:\Program Files\Java\jre7\bin\javaw.exe
0x77340000 - 0x7747c000 	C:\Windows\SYSTEM32\ntdll.dll
0x771b0000 - 0x77284000 	C:\Windows\system32\kernel32.dll
0x755b0000 - 0x755fb000 	C:\Windows\system32\KERNELBASE.dll
0x756e0000 - 0x75780000 	C:\Windows\system32\ADVAPI32.dll
0x76380000 - 0x7642c000 	C:\Windows\system32\msvcrt.dll
0x77550000 - 0x77569000 	C:\Windows\SYSTEM32\sechost.dll
0x77290000 - 0x77332000 	C:\Windows\system32\RPCRT4.dll
0x76020000 - 0x760e9000 	C:\Windows\system32\USER32.dll
0x75f50000 - 0x75f9e000 	C:\Windows\system32\GDI32.dll
0x75790000 - 0x7579a000 	C:\Windows\system32\LPK.dll
0x764c0000 - 0x7655d000 	C:\Windows\system32\USP10.dll
0x743d0000 - 0x7456e000 	C:\Windows\WinSxS\x86_microsoft.windows.common-controls_6595b64144ccf1df_6.0.7601.17514_none_41e6975e2bd6f2b2\COMCTL32.dll
0x757a0000 - 0x757f7000 	C:\Windows\system32\SHLWAPI.dll
0x76000000 - 0x7601f000 	C:\Windows\system32\IMM32.DLL
0x762b0000 - 0x7637c000 	C:\Windows\system32\MSCTF.dll
0x568c0000 - 0x5697f000 	C:\Program Files\Java\jre7\bin\msvcr100.dll
0x53dd0000 - 0x54150000 	C:\Program Files\Java\jre7\bin\client\jvm.dll
0x73150000 - 0x73157000 	C:\Windows\system32\WSOCK32.dll
0x75c10000 - 0x75c45000 	C:\Windows\system32\WS2_32.dll
0x77480000 - 0x77486000 	C:\Windows\system32\NSI.dll
0x6f5b0000 - 0x6f5e2000 	C:\Windows\system32\WINMM.dll
0x75780000 - 0x75785000 	C:\Windows\system32\PSAPI.DLL
0x69410000 - 0x6941c000 	C:\Program Files\Java\jre7\bin\verify.dll
0x59620000 - 0x59640000 	C:\Program Files\Java\jre7\bin\java.dll
0x59640000 - 0x59653000 	C:\Program Files\Java\jre7\bin\zip.dll
0x6f7a0000 - 0x6f88b000 	C:\Windows\system32\dbghelp.dll

VM Arguments:
jvm_args: -Dfile.encoding=Cp1250 -Xbootclasspath:C:\Program Files\adt-bundle-windows-x86-20130917\sdk\platforms\android-18\android.jar 
java_command: stosowana.schedule.Subject
Launcher Type: SUN_STANDARD

Environment Variables:
PATH=C:/Program Files/Java/jre7/bin/client;C:/Program Files/Java/jre7/bin;C:/Program Files/Java/jre7/lib/i386;C:\Program Files\AMD APP\bin\x86;C:\Windows\system32;C:\Windows;C:\Windows\System32\Wbem;C:\Windows\System32\WindowsPowerShell\v1.0\;C:\Program Files\ATI Technologies\ATI.ACE\Core-Static;C:\Program Files\Calibre2\;C:\Python33;C:\Program Files\Java\jdk1.7.0_25\bin;C:\Users\Huckleberry\Desktop\Console-2.00b148-Beta_32bit\Console2\;C:\Program Files\OpenVPN\bin;C:\Program Files\adt-bundle-windows-x86-20130917\eclipse;
USERNAME=Huckleberry
OS=Windows_NT
PROCESSOR_IDENTIFIER=x86 Family 16 Model 6 Stepping 2, AuthenticAMD



---------------  S Y S T E M  ---------------

OS: Windows 7 Build 7601 Service Pack 1

CPU:total 2 (2 cores per cpu, 1 threads per core) family 16 model 6 stepping 2, cmov, cx8, fxsr, mmx, sse, sse2, sse3, popcnt, mmxext, 3dnowpref, lzcnt, tsc, tscinvbit, tscinv

Memory: 4k page, physical 3012976k(1420924k free), swap 6024200k(3838588k free)

vm_info: Java HotSpot(TM) Client VM (24.51-b03) for windows-x86 JRE (1.7.0_51-b13), built on Dec 18 2013 19:09:58 by "java_re" with unknown MS VC++:1600

time: Fri Feb 21 21:08:24 2014
elapsed time: 0 seconds

